<?xml version="1.0" encoding="UTF-8"?>
<!-- Generated by org.testng.reporters.JUnitXMLReporter -->
<testsuite ignored="0" hostname="huoping-47" failures="1" tests="17" name="Command line test" time="0.537" errors="0" timestamp="2022-07-10T15:00:46 CST">
  <testcase classname="com.huoping.test.TestUsers" name="TestDeleteById" time="0.244"/>
  <testcase classname="com.huoping.test.TestUsers" name="TestGetById" time="0.024"/>
  <testcase classname="com.huoping.test.TestUsers" name="TestGetByUserMap" time="0.002"/>
  <testcase classname="com.huoping.test.TestUsers" name="createUUID" time="0.0"/>
  <testcase classname="com.huoping.test.TestUsers" name="getAllMap" time="0.003"/>
  <testcase classname="com.huoping.test.TestUsers" name="getByName" time="0.005"/>
  <testcase classname="com.huoping.test.TestUsers" name="getId" time="0.002"/>
  <testcase classname="com.huoping.test.TestUsers" name="getUserDate" time="0.005"/>
  <testcase classname="com.huoping.test.TestUsers" name="testDelete" time="0.002"/>
  <testcase classname="com.huoping.test.TestUsers" name="testGetByMap" time="0.004"/>
  <testcase classname="com.huoping.test.TestUsers" name="testInsert" time="0.008">
    <failure type="org.apache.ibatis.exceptions.PersistenceException" message="
### Error updating database.  Cause: java.sql.SQLSyntaxErrorException: You have an error in your SQL syntax; check the manual that corresponds to your MySQL server version for the right syntax to use near &amp;apos;insert
        into users(username, birthday, sex, address)
        values
     &amp;apos; at line 2
### The error may exist in com/huoping/mapper/UserMapper.xml
### The error may involve com.huoping.mapper.UserMapper.insert-Inline
### The error occurred while setting parameters
### SQL: select last_insert_id()             insert         into users(username, birthday, sex, address)         values             (?, ?, ?, ?)
### Cause: java.sql.SQLSyntaxErrorException: You have an error in your SQL syntax; check the manual that corresponds to your MySQL server version for the right syntax to use near &amp;apos;insert
        into users(username, birthday, sex, address)
        values
     &amp;apos; at line 2">
      <![CDATA[org.apache.ibatis.exceptions.PersistenceException: 
### Error updating database.  Cause: java.sql.SQLSyntaxErrorException: You have an error in your SQL syntax; check the manual that corresponds to your MySQL server version for the right syntax to use near 'insert
        into users(username, birthday, sex, address)
        values
     ' at line 2
### The error may exist in com/huoping/mapper/UserMapper.xml
### The error may involve com.huoping.mapper.UserMapper.insert-Inline
### The error occurred while setting parameters
### SQL: select last_insert_id()             insert         into users(username, birthday, sex, address)         values             (?, ?, ?, ?)
### Cause: java.sql.SQLSyntaxErrorException: You have an error in your SQL syntax; check the manual that corresponds to your MySQL server version for the right syntax to use near 'insert
        into users(username, birthday, sex, address)
        values
     ' at line 2
at org.apache.ibatis.exceptions.ExceptionFactory.wrapException(ExceptionFactory.java:30)
at org.apache.ibatis.session.defaults.DefaultSqlSession.update(DefaultSqlSession.java:199)
at org.apache.ibatis.session.defaults.DefaultSqlSession.insert(DefaultSqlSession.java:184)
at org.apache.ibatis.binding.MapperMethod.execute(MapperMethod.java:62)
at org.apache.ibatis.binding.MapperProxy$PlainMethodInvoker.invoke(MapperProxy.java:152)
at org.apache.ibatis.binding.MapperProxy.invoke(MapperProxy.java:85)
at com.sun.proxy.$Proxy8.insert(Unknown Source)
at com.huoping.test.TestUsers.testInsert(TestUsers.java:77)
at java.base/java.util.ArrayList.forEach(ArrayList.java:1540)
Caused by: java.sql.SQLSyntaxErrorException: You have an error in your SQL syntax; check the manual that corresponds to your MySQL server version for the right syntax to use near 'insert
        into users(username, birthday, sex, address)
        values
     ' at line 2
at com.mysql.cj.jdbc.exceptions.SQLError.createSQLException(SQLError.java:120)
at com.mysql.cj.jdbc.exceptions.SQLError.createSQLException(SQLError.java:97)
at com.mysql.cj.jdbc.exceptions.SQLExceptionsMapping.translateException(SQLExceptionsMapping.java:122)
at com.mysql.cj.jdbc.ClientPreparedStatement.executeInternal(ClientPreparedStatement.java:955)
at com.mysql.cj.jdbc.ClientPreparedStatement.execute(ClientPreparedStatement.java:372)
at org.apache.ibatis.logging.jdbc.PreparedStatementLogger.invoke(PreparedStatementLogger.java:59)
at com.sun.proxy.$Proxy10.execute(Unknown Source)
at org.apache.ibatis.executor.statement.PreparedStatementHandler.update(PreparedStatementHandler.java:47)
at org.apache.ibatis.executor.statement.RoutingStatementHandler.update(RoutingStatementHandler.java:74)
at org.apache.ibatis.executor.SimpleExecutor.doUpdate(SimpleExecutor.java:50)
at org.apache.ibatis.executor.BaseExecutor.update(BaseExecutor.java:117)
at org.apache.ibatis.executor.CachingExecutor.update(CachingExecutor.java:76)
at org.apache.ibatis.session.defaults.DefaultSqlSession.update(DefaultSqlSession.java:197)
... 43 more
... Removed 40 stack frames]]>
    </failure>
  </testcase> <!-- testInsert -->
  <testcase classname="com.huoping.test.TestUsers" name="testInsertList" time="0.009"/>
  <testcase classname="com.huoping.test.TestUsers" name="testSelect" time="0.004"/>
  <testcase classname="com.huoping.test.TestUsers" name="testUpdate" time="0.004"/>
  <testcase classname="com.huoping.test.TestUsers" name="testUpdateSet" time="0.004"/>
  <testcase classname="com.huoping.test.TestUsers" name="testUsers" time="0.005"/>
  <testcase classname="com.huoping.test.TestUsers" name="testgetCondition" time="0.004"/>
</testsuite> <!-- Command line test -->
