<?xml version="1.0" encoding="UTF-8"?>
<!-- Generated by org.testng.reporters.JUnitXMLReporter -->
<testsuite ignored="0" hostname="huoping-47" failures="1" tests="1" name="Command line test" time="0.028" errors="0" timestamp="2022-07-07T22:01:26 CST">
  <testcase classname="com.huoping.test.TestUsers" name="testUsers" time="0.003">
    <failure type="java.lang.NullPointerException">
      <![CDATA[java.lang.NullPointerException
at com.huoping.test.TestUsers.testUsers(TestUsers.java:38)
at java.base/java.util.ArrayList.forEach(ArrayList.java:1540)
... Removed 36 stack frames]]>
    </failure>
  </testcase> <!-- testUsers -->
</testsuite> <!-- Command line test -->
