<?xml version="1.0" encoding="UTF-8"?>
<testng-results ignored="0" total="0" passed="0" failed="0" skipped="0">
  <reporter-output>
  </reporter-output>
  <suite started-at="2022-07-03T19:17:55 CST" name="com.huoping.TestTest" finished-at="2022-07-03T19:17:55 CST" duration-ms="15">
    <groups>
    </groups>
    <test started-at="2022-07-03T19:17:55 CST" name="Command line test" finished-at="2022-07-03T19:17:55 CST" duration-ms="15">
    </test> <!-- Command line test -->
  </suite> <!-- com.huoping.TestTest -->
</testng-results>
